#
# There is insufficient memory for the Java Runtime Environment to continue.
# Native memory allocation (malloc) failed to allocate 1043456 bytes for Chunk::new
# Possible reasons:
#   The system is out of physical RAM or swap space
#   In 32 bit mode, the process size limit was hit
# Possible solutions:
#   Reduce memory load on the system
#   Increase physical memory or swap space
#   Check if swap backing store is full
#   Use 64 bit Java on a 64 bit OS
#   Decrease Java heap size (-Xmx/-Xms)
#   Decrease number of Java threads
#   Decrease Java thread stack sizes (-Xss)
#   Set larger code cache with -XX:ReservedCodeCacheSize=
# This output file may be truncated or incomplete.
#
#  Out of Memory Error (allocation.cpp:390), pid=756, tid=0x0000000000001a1c
#
# JRE version: OpenJDK Runtime Environment (8.0_152-b01) (build 1.8.0_152-release-915-b01)
# Java VM: OpenJDK 64-Bit Server VM (25.152-b01 mixed mode windows-amd64 compressed oops)
# Failed to write core dump. Minidumps are not enabled by default on client versions of Windows
#

---------------  T H R E A D  ---------------

Current thread (0x0000000018024800):  JavaThread "C2 CompilerThread1" daemon [_thread_in_native, id=6684, stack(0x00000000188d0000,0x00000000189d0000)]

Stack: [0x00000000188d0000,0x00000000189d0000]
[error occurred during error reporting (printing stack bounds), id 0xc0000005]

Native frames: (J=compiled Java code, j=interpreted, Vv=VM code, C=native code)


Current CompileTask:
C2:8922367 22924   !   4       com.android.ide.common.res2.DataMerger::mergeData (603 bytes)


---------------  P R O C E S S  ---------------

Java Threads: ( => current thread )
  0x000000001a0a0000 JavaThread "pool-14-thread-1" [_thread_blocked, id=2248, stack(0x0000000057d30000,0x0000000057e30000)]
  0x000000001e4fe800 JavaThread "stdout" daemon [_thread_in_native, id=4652, stack(0x0000000056d10000,0x0000000056e10000)]
  0x000000001e4f5000 JavaThread "stderr" daemon [_thread_in_native, id=8664, stack(0x0000000056c10000,0x0000000056d10000)]
  0x000000001e4fa000 JavaThread "stdout" daemon [_thread_in_native, id=8896, stack(0x0000000056b10000,0x0000000056c10000)]
  0x000000001e4f9800 JavaThread "stderr" daemon [_thread_in_native, id=3616, stack(0x0000000056a10000,0x0000000056b10000)]
  0x000000001e4f7000 JavaThread "stdout" daemon [_thread_in_native, id=9628, stack(0x0000000056910000,0x0000000056a10000)]
  0x000000001e4f8800 JavaThread "stderr" daemon [_thread_in_native, id=5828, stack(0x0000000056810000,0x0000000056910000)]
  0x0000000023c02800 JavaThread "stdout" daemon [_thread_in_native, id=2452, stack(0x0000000056710000,0x0000000056810000)]
  0x0000000023c01000 JavaThread "stderr" daemon [_thread_in_native, id=6428, stack(0x0000000056610000,0x0000000056710000)]
  0x0000000023c01800 JavaThread "queued-resource-processor_40" daemon [_thread_blocked, id=9676, stack(0x0000000056310000,0x0000000056410000)]
  0x0000000023c04000 JavaThread "queued-resource-processor_39" daemon [_thread_blocked, id=7720, stack(0x0000000056210000,0x0000000056310000)]
  0x0000000023c07000 JavaThread "queued-resource-processor_38" daemon [_thread_blocked, id=6928, stack(0x0000000056110000,0x0000000056210000)]
  0x0000000023c05800 JavaThread "queued-resource-processor_37" daemon [_thread_blocked, id=8768, stack(0x0000000056010000,0x0000000056110000)]
  0x0000000023bf8800 JavaThread "queued-resource-processor_36" daemon [_thread_blocked, id=2624, stack(0x0000000055f10000,0x0000000056010000)]
  0x0000000023bfb800 JavaThread "queued-resource-processor_35" daemon [_thread_blocked, id=6784, stack(0x0000000055e10000,0x0000000055f10000)]
  0x000000002123b800 JavaThread "queued-resource-processor_34" daemon [_thread_blocked, id=3992, stack(0x0000000055d10000,0x0000000055e10000)]
  0x000000002123b000 JavaThread "queued-resource-processor_33" daemon [_thread_blocked, id=1928, stack(0x0000000055c10000,0x0000000055d10000)]
  0x0000000021239800 JavaThread "Task worker for ':' Thread 7" [_thread_in_Java, id=3696, stack(0x0000000055b10000,0x0000000055c10000)]
  0x0000000021238800 JavaThread "Task worker for ':' Thread 6" [_thread_blocked, id=7488, stack(0x0000000055a10000,0x0000000055b10000)]
  0x000000002123a000 JavaThread "Task worker for ':' Thread 5" [_thread_blocked, id=2784, stack(0x0000000055910000,0x0000000055a10000)]
  0x000000002122e000 JavaThread "Task worker for ':' Thread 4" [_thread_blocked, id=9464, stack(0x0000000055810000,0x0000000055910000)]
  0x0000000021235000 JavaThread "Task worker for ':' Thread 3" [_thread_blocked, id=8676, stack(0x0000000055710000,0x0000000055810000)]
  0x0000000021234000 JavaThread "Task worker for ':' Thread 2" [_thread_blocked, id=4964, stack(0x0000000055610000,0x0000000055710000)]
  0x000000002122f000 JavaThread "Task worker for ':'" [_thread_blocked, id=4924, stack(0x0000000055510000,0x0000000055610000)]
  0x000000002122f800 JavaThread "Cache worker for task history cache (C:\Users\Xubii\AndroidStudioProjects\FinalProjectFinal\.gradle\4.1\taskHistory)" [_thread_blocked, id=4804, stack(0x0000000055410000,0x0000000055510000)]
  0x000000002122d800 JavaThread "build operations Thread 8" [_thread_blocked, id=7144, stack(0x0000000055310000,0x0000000055410000)]
  0x000000002122c800 JavaThread "build operations Thread 7" [_thread_blocked, id=9624, stack(0x0000000055210000,0x0000000055310000)]
  0x000000001c50e800 JavaThread "build operations Thread 6" [_thread_blocked, id=2644, stack(0x0000000055110000,0x0000000055210000)]
  0x000000001c50e000 JavaThread "build operations Thread 5" [_thread_blocked, id=3560, stack(0x0000000055010000,0x0000000055110000)]
  0x000000001c514000 JavaThread "build operations Thread 4" [_thread_blocked, id=9712, stack(0x0000000054f10000,0x0000000055010000)]
  0x000000001c512800 JavaThread "build operations Thread 3" [_thread_blocked, id=9392, stack(0x0000000054e10000,0x0000000054f10000)]
  0x000000001c513000 JavaThread "build operations Thread 2" [_thread_blocked, id=7752, stack(0x0000000054d10000,0x0000000054e10000)]
  0x000000001c50f800 JavaThread "build operations" [_thread_blocked, id=3604, stack(0x0000000054c10000,0x0000000054d10000)]
  0x000000001c506800 JavaThread "Cache worker for Artifact transforms cache (C:\Users\Xubii\.gradle\caches\transforms-1)" [_thread_blocked, id=2948, stack(0x0000000054b10000,0x0000000054c10000)]
  0x000000001c50b000 JavaThread "Cache worker for file hash cache (C:\Users\Xubii\AndroidStudioProjects\FinalProjectFinal\.gradle\4.1\fileHashes)" [_thread_blocked, id=6500, stack(0x0000000054a10000,0x0000000054b10000)]
  0x000000001c50d000 JavaThread "Stdin handler" [_thread_blocked, id=5320, stack(0x0000000054910000,0x0000000054a10000)]
  0x000000001c50b800 JavaThread "Asynchronous log dispatcher for DefaultDaemonConnection: socket connection from /127.0.0.1:51071 to /127.0.0.1:53248" [_thread_blocked, id=7468, stack(0x0000000054810000,0x0000000054910000)]
  0x000000001c50c800 JavaThread "Cancel handler" [_thread_blocked, id=6160, stack(0x0000000054710000,0x0000000054810000)]
  0x000000001c505000 JavaThread "Handler for socket connection from /127.0.0.1:51071 to /127.0.0.1:53248" [_thread_in_native, id=4864, stack(0x0000000054610000,0x0000000054710000)]
  0x0000000023c03800 JavaThread "Daemon worker Thread 21" [_thread_blocked, id=6720, stack(0x0000000053910000,0x0000000053a10000)]
  0x0000000023bff800 JavaThread "Daemon Thread 21" [_thread_blocked, id=6656, stack(0x0000000053610000,0x0000000053710000)]
  0x000000001e4f8000 JavaThread "Memory manager" [_thread_blocked, id=1372, stack(0x0000000022b90000,0x0000000022c90000)]
  0x000000001a0ac800 JavaThread "File lock request listener" [_thread_in_native, id=9928, stack(0x000000001b7c0000,0x000000001b8c0000)]
  0x000000001a18a800 JavaThread "Cache worker for file hash cache (C:\Users\Xubii\.gradle\caches\4.1\fileHashes)" [_thread_blocked, id=9092, stack(0x000000001b6c0000,0x000000001b7c0000)]
  0x0000000019d51800 JavaThread "Daemon periodic checks" [_thread_blocked, id=152, stack(0x000000001acc0000,0x000000001adc0000)]
  0x0000000019e9a000 JavaThread "Incoming local TCP Connector on port 51071" [_thread_in_native, id=10020, stack(0x000000001aae0000,0x000000001abe0000)]
  0x00000000180af800 JavaThread "Service Thread" daemon [_thread_blocked, id=10056, stack(0x0000000018bd0000,0x0000000018cd0000)]
  0x000000001611e800 JavaThread "C1 CompilerThread3" daemon [_thread_blocked, id=9768, stack(0x0000000018ad0000,0x0000000018bd0000)]
  0x000000001611d800 JavaThread "C2 CompilerThread2" daemon [_thread_in_native, id=7976, stack(0x00000000189d0000,0x0000000018ad0000)]
=>0x0000000018024800 JavaThread "C2 CompilerThread1" daemon [_thread_in_native, id=6684, stack(0x00000000188d0000,0x00000000189d0000)]
  0x0000000018021800 JavaThread "C2 CompilerThread0" daemon [_thread_in_native, id=10220, stack(0x00000000187d0000,0x00000000188d0000)]
  0x000000001801f000 JavaThread "Attach Listener" daemon [_thread_blocked, id=10040, stack(0x00000000186d0000,0x00000000187d0000)]
  0x000000001801c000 JavaThread "Signal Dispatcher" daemon [_thread_blocked, id=4316, stack(0x00000000185d0000,0x00000000186d0000)]
  0x0000000018010800 JavaThread "Finalizer" daemon [_thread_blocked, id=3980, stack(0x00000000183f0000,0x00000000184f0000)]
  0x0000000002327000 JavaThread "Reference Handler" daemon [_thread_blocked, id=5492, stack(0x0000000017ef0000,0x0000000017ff0000)]
  0x000000000222e800 JavaThread "main" [_thread_blocked, id=3680, stack(0x0000000002110000,0x0000000002210000)]

Other Threads:
  0x0000000016105800 VMThread [stack: 0x0000000017df0000,0x0000000017ef0000] [id=9992]
  0x00000000180b0800 WatcherThread [stack: 0x0000000018cd0000,0x0000000018dd0000] [id=9164]

VM state:not at safepoint (normal execution)

VM Mutex/Monitor currently owned by a thread: None

Heap:
 PSYoungGen      total 484864K, used 114005K [0x00000000e0000000, 0x0000000100000000, 0x0000000100000000)
  eden space 445440K, 20% used [0x00000000e0000000,0x00000000e576fa60,0x00000000fb300000)
  from space 39424K, 62% used [0x00000000fb300000,0x00000000fcae5d50,0x00000000fd980000)
  to   space 39424K, 0% used [0x00000000fd980000,0x00000000fd980000,0x0000000100000000)
 ParOldGen       total 182784K, used 103852K [0x00000000a0000000, 0x00000000ab280000, 0x00000000e0000000)
  object space 182784K, 56% used [0x00000000a0000000,0x00000000a656b2a8,0x00000000ab280000)
 Metaspace       used 116767K, capacity 131300K, committed 131584K, reserved 1161216K
  class space    used 15162K, capacity 19150K, committed 19200K, reserved 1048576K

Card table byte_map: [0x00000000116f0000,0x0000000011a00000] byte_map_base: 0x00000000111f0000

Marking Bits: (ParMarkBitMap*) 0x00000000579b3950
 Begin Bits: [0x0000000012400000, 0x0000000013c00000)
 End Bits:   [0x0000000013c00000, 0x0000000015400000)

Polling page: 0x0000000000990000

CodeCache: size=245760Kb used=66826Kb max_used=66849Kb free=178933Kb
 bounds [0x0000000002330000, 0x00000000064f0000, 0x0000000011330000]
 total_blobs=18996 nmethods=18164 adapters=743
 compilation: enabled

Compilation events (10 events):
Event: 8920.693 Thread 0x000000001611e800 22931       3       com.android.ide.common.res2.NodeUtils::duplicateNode (315 bytes)
Event: 8920.695 Thread 0x000000001611e800 nmethod 22931 0x00000000064c1410 code [0x00000000064c17a0, 0x00000000064c3388]
Event: 8920.696 Thread 0x000000001611e800 22933       3       com.sun.org.apache.xerces.internal.dom.ElementNSImpl::getNamespaceURI (16 bytes)
Event: 8920.697 Thread 0x000000001611e800 nmethod 22933 0x00000000064aa610 code [0x00000000064aa780, 0x00000000064aab28]
Event: 8920.698 Thread 0x000000001611d800 nmethod 22929 0x00000000064bf890 code [0x00000000064bfa40, 0x00000000064c0818]
Event: 8920.698 Thread 0x000000001611d800 22935       4       com.sun.org.apache.xerces.internal.dom.DeferredDocumentImpl::getNodeValueString (417 bytes)
Event: 8920.698 Thread 0x0000000018021800 nmethod 22928 0x00000000064d0110 code [0x00000000064d02c0, 0x00000000064d1288]
Event: 8920.698 Thread 0x0000000018021800 22930       4       com.sun.org.apache.xerces.internal.dom.AttrImpl::getValue (176 bytes)
Event: 8920.699 Thread 0x000000001611e800 22934       3       com.sun.org.apache.xerces.internal.dom.ElementNSImpl::setPrefix (222 bytes)
Event: 8920.700 Thread 0x000000001611e800 nmethod 22934 0x00000000064cda90 code [0x00000000064cdde0, 0x00000000064cf7d8]

GC Heap History (10 events):
Event: 3733.835 GC heap before
{Heap before GC invocations=23 (full 4):
 PSYoungGen      total 487424K, used 487400K [0x00000000e0000000, 0x0000000100000000, 0x0000000100000000)
  eden space 461824K, 100% used [0x00000000e0000000,0x00000000fc300000,0x00000000fc300000)
  from space 25600K, 99% used [0x00000000fe700000,0x00000000ffffa158,0x0000000100000000)
  to   space 31232K, 0% used [0x00000000fc300000,0x00000000fc300000,0x00000000fe180000)
 ParOldGen       total 182784K, used 69985K [0x00000000a0000000, 0x00000000ab280000, 0x00000000e0000000)
  object space 182784K, 38% used [0x00000000a0000000,0x00000000a44587d0,0x00000000ab280000)
 Metaspace       used 97639K, capacity 107760K, committed 108288K, reserved 1142784K
  class space    used 12638K, capacity 15558K, committed 15872K, reserved 1048576K
Event: 3733.872 GC heap after
Heap after GC invocations=23 (full 4):
 PSYoungGen      total 491008K, used 28890K [0x00000000e0000000, 0x0000000100000000, 0x0000000100000000)
  eden space 461824K, 0% used [0x00000000e0000000,0x00000000e0000000,0x00000000fc300000)
  from space 29184K, 98% used [0x00000000fc300000,0x00000000fdf36bf8,0x00000000fdf80000)
  to   space 33280K, 0% used [0x00000000fdf80000,0x00000000fdf80000,0x0000000100000000)
 ParOldGen       total 182784K, used 91206K [0x00000000a0000000, 0x00000000ab280000, 0x00000000e0000000)
  object space 182784K, 49% used [0x00000000a0000000,0x00000000a5911940,0x00000000ab280000)
 Metaspace       used 97639K, capacity 107760K, committed 108288K, reserved 1142784K
  class space    used 12638K, capacity 15558K, committed 15872K, reserved 1048576K
}
Event: 4080.930 GC heap before
{Heap before GC invocations=24 (full 4):
 PSYoungGen      total 491008K, used 490692K [0x00000000e0000000, 0x0000000100000000, 0x0000000100000000)
  eden space 461824K, 99% used [0x00000000e0000000,0x00000000fc2fa4d8,0x00000000fc300000)
  from space 29184K, 98% used [0x00000000fc300000,0x00000000fdf36bf8,0x00000000fdf80000)
  to   space 33280K, 0% used [0x00000000fdf80000,0x00000000fdf80000,0x0000000100000000)
 ParOldGen       total 182784K, used 91206K [0x00000000a0000000, 0x00000000ab280000, 0x00000000e0000000)
  object space 182784K, 49% used [0x00000000a0000000,0x00000000a5911940,0x00000000ab280000)
 Metaspace       used 104925K, capacity 116004K, committed 116352K, reserved 1148928K
  class space    used 13631K, capacity 16877K, committed 17024K, reserved 1048576K
Event: 4080.951 GC heap after
Heap after GC invocations=24 (full 4):
 PSYoungGen      total 486912K, used 20804K [0x00000000e0000000, 0x0000000100000000, 0x0000000100000000)
  eden space 453632K, 0% used [0x00000000e0000000,0x00000000e0000000,0x00000000fbb00000)
  from space 33280K, 62% used [0x00000000fdf80000,0x00000000ff3d12a0,0x0000000100000000)
  to   space 35328K, 0% used [0x00000000fbb00000,0x00000000fbb00000,0x00000000fdd80000)
 ParOldGen       total 182784K, used 91214K [0x00000000a0000000, 0x00000000ab280000, 0x00000000e0000000)
  object space 182784K, 49% used [0x00000000a0000000,0x00000000a5913940,0x00000000ab280000)
 Metaspace       used 104925K, capacity 116004K, committed 116352K, reserved 1148928K
  class space    used 13631K, capacity 16877K, committed 17024K, reserved 1048576K
}
Event: 4101.773 GC heap before
{Heap before GC invocations=25 (full 4):
 PSYoungGen      total 486912K, used 474436K [0x00000000e0000000, 0x0000000100000000, 0x0000000100000000)
  eden space 453632K, 100% used [0x00000000e0000000,0x00000000fbb00000,0x00000000fbb00000)
  from space 33280K, 62% used [0x00000000fdf80000,0x00000000ff3d12a0,0x0000000100000000)
  to   space 35328K, 0% used [0x00000000fbb00000,0x00000000fbb00000,0x00000000fdd80000)
 ParOldGen       total 182784K, used 91214K [0x00000000a0000000, 0x00000000ab280000, 0x00000000e0000000)
  object space 182784K, 49% used [0x00000000a0000000,0x00000000a5913940,0x00000000ab280000)
 Metaspace       used 114516K, capacity 126890K, committed 127232K, reserved 1159168K
  class space    used 14802K, capacity 18245K, committed 18432K, reserved 1048576K
Event: 4101.799 GC heap after
Heap after GC invocations=25 (full 4):
 PSYoungGen      total 488960K, used 35323K [0x00000000e0000000, 0x0000000100000000, 0x0000000100000000)
  eden space 453632K, 0% used [0x00000000e0000000,0x00000000e0000000,0x00000000fbb00000)
  from space 35328K, 99% used [0x00000000fbb00000,0x00000000fdd7ec68,0x00000000fdd80000)
  to   space 35328K, 0% used [0x00000000fdd80000,0x00000000fdd80000,0x0000000100000000)
 ParOldGen       total 182784K, used 94172K [0x00000000a0000000, 0x00000000ab280000, 0x00000000e0000000)
  object space 182784K, 51% used [0x00000000a0000000,0x00000000a5bf71e0,0x00000000ab280000)
 Metaspace       used 114516K, capacity 126890K, committed 127232K, reserved 1159168K
  class space    used 14802K, capacity 18245K, committed 18432K, reserved 1048576K
}
Event: 8159.238 GC heap before
{Heap before GC invocations=26 (full 4):
 PSYoungGen      total 488960K, used 488955K [0x00000000e0000000, 0x0000000100000000, 0x0000000100000000)
  eden space 453632K, 100% used [0x00000000e0000000,0x00000000fbb00000,0x00000000fbb00000)
  from space 35328K, 99% used [0x00000000fbb00000,0x00000000fdd7ec68,0x00000000fdd80000)
  to   space 35328K, 0% used [0x00000000fdd80000,0x00000000fdd80000,0x0000000100000000)
 ParOldGen       total 182784K, used 94172K [0x00000000a0000000, 0x00000000ab280000, 0x00000000e0000000)
  object space 182784K, 51% used [0x00000000a0000000,0x00000000a5bf71e0,0x00000000ab280000)
 Metaspace       used 115458K, capacity 128524K, committed 128768K, reserved 1159168K
  class space    used 14933K, capacity 18537K, committed 18688K, reserved 1048576K
Event: 8159.263 GC heap after
Heap after GC invocations=26 (full 4):
 PSYoungGen      total 480768K, used 19216K [0x00000000e0000000, 0x0000000100000000, 0x0000000100000000)
  eden space 445440K, 0% used [0x00000000e0000000,0x00000000e0000000,0x00000000fb300000)
  from space 35328K, 54% used [0x00000000fdd80000,0x00000000ff044348,0x0000000100000000)
  to   space 39424K, 0% used [0x00000000fb300000,0x00000000fb300000,0x00000000fd980000)
 ParOldGen       total 182784K, used 103844K [0x00000000a0000000, 0x00000000ab280000, 0x00000000e0000000)
  object space 182784K, 56% used [0x00000000a0000000,0x00000000a65692a8,0x00000000ab280000)
 Metaspace       used 115458K, capacity 128524K, committed 128768K, reserved 1159168K
  class space    used 14933K, capacity 18537K, committed 18688K, reserved 1048576K
}
Event: 8919.380 GC heap before
{Heap before GC invocations=27 (full 4):
 PSYoungGen      total 480768K, used 464656K [0x00000000e0000000, 0x0000000100000000, 0x0000000100000000)
  eden space 445440K, 100% used [0x00000000e0000000,0x00000000fb300000,0x00000000fb300000)
  from space 35328K, 54% used [0x00000000fdd80000,0x00000000ff044348,0x0000000100000000)
  to   space 39424K, 0% used [0x00000000fb300000,0x00000000fb300000,0x00000000fd980000)
 ParOldGen       total 182784K, used 103844K [0x00000000a0000000, 0x00000000ab280000, 0x00000000e0000000)
  object space 182784K, 56% used [0x00000000a0000000,0x00000000a65692a8,0x00000000ab280000)
 Metaspace       used 116582K, capacity 131010K, committed 131328K, reserved 1161216K
  class space    used 15141K, capacity 19123K, committed 19200K, reserved 1048576K
Event: 8919.459 GC heap after
Heap after GC invocations=27 (full 4):
 PSYoungGen      total 484864K, used 24471K [0x00000000e0000000, 0x0000000100000000, 0x0000000100000000)
  eden space 445440K, 0% used [0x00000000e0000000,0x00000000e0000000,0x00000000fb300000)
  from space 39424K, 62% used [0x00000000fb300000,0x00000000fcae5d50,0x00000000fd980000)
  to   space 39424K, 0% used [0x00000000fd980000,0x00000000fd980000,0x0000000100000000)
 ParOldGen       total 182784K, used 103852K [0x00000000a0000000, 0x00000000ab280000, 0x00000000e0000000)
  object space 182784K, 56% used [0x00000000a0000000,0x00000000a656b2a8,0x00000000ab280000)
 Metaspace       used 116582K, capacity 131010K, committed 131328K, reserved 1161216K
  class space    used 15141K, capacity 19123K, committed 19200K, reserved 1048576K
}

Deoptimization events (10 events):
Event: 8920.423 Thread 0x0000000021239800 Uncommon trap: reason=speculate_class_check action=maybe_recompile pc=0x000000000649aa04 method=com.sun.org.apache.xerces.internal.dom.ElementNSImpl.getLocalName()Ljava/lang/String; @ 8
Event: 8920.475 Thread 0x0000000021239800 Uncommon trap: reason=unstable_if action=reinterpret pc=0x0000000003fc8384 method=java.util.concurrent.ConcurrentHashMap.replaceNode(Ljava/lang/Object;Ljava/lang/Object;Ljava/lang/Object;)Ljava/lang/Object; @ 47
Event: 8920.490 Thread 0x0000000021239800 Uncommon trap: reason=unstable_if action=reinterpret pc=0x00000000061b9bf8 method=com.android.ide.common.res2.DataItem.isWritten()Z @ 7
Event: 8920.693 Thread 0x0000000021239800 Uncommon trap: reason=class_check action=maybe_recompile pc=0x0000000003da88d4 method=com.sun.org.apache.xerces.internal.dom.NodeImpl.ownerDocument()Lcom/sun/org/apache/xerces/internal/dom/CoreDocumentImpl; @ 11
Event: 8920.693 Thread 0x0000000021239800 Uncommon trap: reason=bimorphic action=maybe_recompile pc=0x00000000061f625c method=com.android.ide.common.res2.NodeUtils.duplicateNode(Lorg/w3c/dom/Document;Lorg/w3c/dom/Node;)Lorg/w3c/dom/Node; @ 1
Event: 8920.693 Thread 0x0000000021239800 Uncommon trap: reason=class_check action=maybe_recompile pc=0x0000000003da88d4 method=com.sun.org.apache.xerces.internal.dom.NodeImpl.ownerDocument()Lcom/sun/org/apache/xerces/internal/dom/CoreDocumentImpl; @ 11
Event: 8920.693 Thread 0x0000000021239800 Uncommon trap: reason=bimorphic action=maybe_recompile pc=0x00000000061f625c method=com.android.ide.common.res2.NodeUtils.duplicateNode(Lorg/w3c/dom/Document;Lorg/w3c/dom/Node;)Lorg/w3c/dom/Node; @ 1
Event: 8920.693 Thread 0x0000000021239800 Uncommon trap: reason=bimorphic action=maybe_recompile pc=0x00000000061f625c method=com.android.ide.common.res2.NodeUtils.duplicateNode(Lorg/w3c/dom/Document;Lorg/w3c/dom/Node;)Lorg/w3c/dom/Node; @ 1
Event: 8920.693 Thread 0x0000000021239800 Uncommon trap: reason=bimorphic action=maybe_recompile pc=0x00000000061f625c method=com.android.ide.common.res2.NodeUtils.duplicateNode(Lorg/w3c/dom/Document;Lorg/w3c/dom/Node;)Lorg/w3c/dom/Node; @ 1
Event: 8920.693 Thread 0x0000000021239800 Uncommon trap: reason=unstable_if action=reinterpret pc=0x0000000003d753a8 method=com.sun.org.apache.xerces.internal.dom.ElementNSImpl.getNamespaceURI()Ljava/lang/String; @ 4

Classes redefined (0 events):
No events

Internal exceptions (10 events):
Event: 8919.695 Thread 0x0000000023c03800 Exception <a 'sun/nio/fs/WindowsException'> (0x00000000e1451e58) thrown at [D:\src\AOSP-openjdk-cygwin\jdk8u\hotspot\src\share\vm\prims\jni.cpp, line 709]
Event: 8919.695 Thread 0x0000000023c03800 Exception <a 'sun/nio/fs/WindowsException'> (0x00000000e1454e40) thrown at [D:\src\AOSP-openjdk-cygwin\jdk8u\hotspot\src\share\vm\prims\jni.cpp, line 709]
Event: 8919.695 Thread 0x0000000023c03800 Exception <a 'sun/nio/fs/WindowsException'> (0x00000000e1455a18) thrown at [D:\src\AOSP-openjdk-cygwin\jdk8u\hotspot\src\share\vm\prims\jni.cpp, line 709]
Event: 8919.695 Thread 0x0000000023c03800 Exception <a 'sun/nio/fs/WindowsException'> (0x00000000e1457cb0) thrown at [D:\src\AOSP-openjdk-cygwin\jdk8u\hotspot\src\share\vm\prims\jni.cpp, line 709]
Event: 8919.695 Thread 0x0000000023c03800 Exception <a 'sun/nio/fs/WindowsException'> (0x00000000e1458898) thrown at [D:\src\AOSP-openjdk-cygwin\jdk8u\hotspot\src\share\vm\prims\jni.cpp, line 709]
Event: 8920.344 Thread 0x0000000021239800 Implicit null exception at 0x0000000005ff38b2 to 0x0000000005ff4f51
Event: 8920.377 Thread 0x0000000021239800 Implicit null exception at 0x00000000026f6343 to 0x00000000026f64fd
Event: 8920.377 Thread 0x0000000021239800 Implicit null exception at 0x0000000002d4a5de to 0x0000000002d4a761
Event: 8920.380 Thread 0x0000000021239800 Implicit null exception at 0x0000000006180955 to 0x0000000006182779
Event: 8920.475 Thread 0x0000000021239800 Implicit null exception at 0x0000000003fc7941 to 0x0000000003fc8349

Events (10 events):
Event: 8920.693 Thread 0x0000000021239800 DEOPT PACKING pc=0x00000000061f625c sp=0x0000000055c0d170
Event: 8920.693 Thread 0x0000000021239800 DEOPT UNPACKING pc=0x000000000237556a sp=0x0000000055c0d198 mode 2
Event: 8920.693 Thread 0x0000000021239800 Uncommon trap: trap_request=0xffffff65 fr.pc=0x0000000003d753a8
Event: 8920.693 Thread 0x0000000021239800 DEOPT PACKING pc=0x0000000003d753a8 sp=0x0000000055c0d070
Event: 8920.693 Thread 0x0000000021239800 DEOPT UNPACKING pc=0x000000000237556a sp=0x0000000055c0d018 mode 2
Event: 8920.696 Thread 0x000000001611e800 flushing nmethod 0x00000000030b67d0
Event: 8920.700 Thread 0x000000001611e800 flushing nmethod 0x0000000003611fd0
Event: 8920.700 Thread 0x000000001611e800 flushing nmethod 0x000000000364da90
Event: 8920.701 Thread 0x000000001611e800 flushing nmethod 0x0000000003743590
Event: 8920.701 Thread 0x000000001611e800 flushing nmethod 0x0000000003744d50


Dynamic libraries:
0x00007ff768470000 - 0x00007ff7684a1000 	C:\Program Files\Android\Android Studio\jre\bin\java.exe
0x00007ff81f3f0000 - 0x00007ff81f5b1000 	C:\WINDOWS\SYSTEM32\ntdll.dll
0x00007ff81c990000 - 0x00007ff81ca3d000 	C:\WINDOWS\system32\KERNEL32.DLL
0x00007ff81baa0000 - 0x00007ff81bc88000 	C:\WINDOWS\system32\KERNELBASE.dll
0x00007ff81c8e0000 - 0x00007ff81c987000 	C:\WINDOWS\system32\ADVAPI32.dll
0x00007ff81e6a0000 - 0x00007ff81e73d000 	C:\WINDOWS\system32\msvcrt.dll
0x00007ff81e570000 - 0x00007ff81e5cb000 	C:\WINDOWS\system32\sechost.dll
0x00007ff81ee90000 - 0x00007ff81efac000 	C:\WINDOWS\system32\RPCRT4.dll
0x00007ff81e9d0000 - 0x00007ff81eb26000 	C:\WINDOWS\system32\USER32.dll
0x00007ff81eb40000 - 0x00007ff81ecc6000 	C:\WINDOWS\system32\GDI32.dll
0x00007ff80d5b0000 - 0x00007ff80d824000 	C:\WINDOWS\WinSxS\amd64_microsoft.windows.common-controls_6595b64144ccf1df_6.0.10586.0_none_8c15ae12515e1c22\COMCTL32.dll
0x00007ff81e2f0000 - 0x00007ff81e56d000 	C:\WINDOWS\system32\combase.dll
0x00007ff81bde0000 - 0x00007ff81be4a000 	C:\WINDOWS\system32\bcryptPrimitives.dll
0x00007ff81e2b0000 - 0x00007ff81e2eb000 	C:\WINDOWS\system32\IMM32.DLL
0x00000000592d0000 - 0x00000000593a2000 	C:\Program Files\Android\Android Studio\jre\jre\bin\msvcr100.dll
0x00000000571f0000 - 0x0000000057a2e000 	C:\Program Files\Android\Android Studio\jre\jre\bin\server\jvm.dll
0x00007ff81eb30000 - 0x00007ff81eb38000 	C:\WINDOWS\system32\PSAPI.DLL
0x00007ff819d50000 - 0x00007ff819d73000 	C:\WINDOWS\SYSTEM32\WINMM.dll
0x00007ff818310000 - 0x00007ff818319000 	C:\WINDOWS\SYSTEM32\WSOCK32.dll
0x00007ff81c870000 - 0x00007ff81c8db000 	C:\WINDOWS\system32\WS2_32.dll
0x00007ff810280000 - 0x00007ff81028a000 	C:\WINDOWS\SYSTEM32\VERSION.dll
0x00007ff819ac0000 - 0x00007ff819aec000 	C:\WINDOWS\SYSTEM32\WINMMBASE.dll
0x00007ff81c4a0000 - 0x00007ff81c4e3000 	C:\WINDOWS\system32\cfgmgr32.dll
0x00007ff818300000 - 0x00007ff81830f000 	C:\Program Files\Android\Android Studio\jre\jre\bin\verify.dll
0x00007ff817f60000 - 0x00007ff817f89000 	C:\Program Files\Android\Android Studio\jre\jre\bin\java.dll
0x00007ff815b80000 - 0x00007ff815b96000 	C:\Program Files\Android\Android Studio\jre\jre\bin\zip.dll
0x00007ff81cd50000 - 0x00007ff81e2ac000 	C:\WINDOWS\system32\SHELL32.dll
0x00007ff81be50000 - 0x00007ff81c495000 	C:\WINDOWS\system32\windows.storage.dll
0x00007ff81c7f0000 - 0x00007ff81c842000 	C:\WINDOWS\system32\shlwapi.dll
0x00007ff81ba10000 - 0x00007ff81ba1f000 	C:\WINDOWS\system32\kernel.appcore.dll
0x00007ff81bd20000 - 0x00007ff81bdd5000 	C:\WINDOWS\system32\shcore.dll
0x00007ff81ba50000 - 0x00007ff81ba9b000 	C:\WINDOWS\system32\powrprof.dll
0x00007ff81ba20000 - 0x00007ff81ba34000 	C:\WINDOWS\system32\profapi.dll
0x00007ff815520000 - 0x00007ff81553a000 	C:\Program Files\Android\Android Studio\jre\jre\bin\net.dll
0x00007ff81b2e0000 - 0x00007ff81b33c000 	C:\WINDOWS\system32\mswsock.dll
0x00007ff814c60000 - 0x00007ff814c71000 	C:\Program Files\Android\Android Studio\jre\jre\bin\nio.dll
0x00007ff814b40000 - 0x00007ff814b5e000 	C:\Users\Xubii\.gradle\native\25\windows-amd64\native-platform.dll
0x00007ff8182e0000 - 0x00007ff8182ed000 	C:\Program Files\Android\Android Studio\jre\jre\bin\management.dll
0x00007ff81b390000 - 0x00007ff81b3a7000 	C:\WINDOWS\SYSTEM32\CRYPTSP.dll
0x00007ff81b020000 - 0x00007ff81b054000 	C:\WINDOWS\system32\rsaenh.dll
0x00007ff81b940000 - 0x00007ff81b969000 	C:\WINDOWS\SYSTEM32\bcrypt.dll
0x00007ff81b170000 - 0x00007ff81b18f000 	C:\WINDOWS\SYSTEM32\USERENV.dll
0x00007ff81b4b0000 - 0x00007ff81b4bb000 	C:\WINDOWS\SYSTEM32\CRYPTBASE.dll
0x00007ff8162c0000 - 0x00007ff8162f8000 	C:\WINDOWS\SYSTEM32\IPHLPAPI.DLL
0x00007ff81efb0000 - 0x00007ff81efb8000 	C:\WINDOWS\system32\NSI.dll
0x00007ff815dc0000 - 0x00007ff815dd6000 	C:\WINDOWS\SYSTEM32\dhcpcsvc6.DLL
0x00007ff815cf0000 - 0x00007ff815d0a000 	C:\WINDOWS\SYSTEM32\dhcpcsvc.DLL
0x00007ff814b60000 - 0x00007ff814b84000 	C:\Program Files\Android\Android Studio\jre\jre\bin\sunec.dll
0x00007ff81a430000 - 0x00007ff81a4da000 	C:\WINDOWS\SYSTEM32\DNSAPI.dll
0x00007ff814460000 - 0x00007ff81446a000 	C:\Windows\System32\rasadhlp.dll
0x00007ff816100000 - 0x00007ff816167000 	C:\WINDOWS\System32\fwpuclnt.dll
0x00007ff815510000 - 0x00007ff81551b000 	C:\Program Files\Android\Android Studio\jre\jre\bin\sunmscapi.dll
0x00007ff81c620000 - 0x00007ff81c7e7000 	C:\WINDOWS\system32\CRYPT32.dll
0x00007ff81ba40000 - 0x00007ff81ba50000 	C:\WINDOWS\system32\MSASN1.dll
0x00007ff81af00000 - 0x00007ff81af31000 	C:\WINDOWS\SYSTEM32\ntmarta.dll
0x00007ff804790000 - 0x00007ff80482c000 	C:\WINDOWS\SYSTEM32\efswrt.dll
0x00007ff81e5d0000 - 0x00007ff81e691000 	C:\WINDOWS\system32\OLEAUT32.dll
0x00007ff818330000 - 0x00007ff818466000 	C:\WINDOWS\SYSTEM32\wintypes.dll
0x00007fffffd90000 - 0x00007fffffde0000 	C:\WINDOWS\SYSTEM32\edputil.dll

VM Arguments:
jvm_args: -Xmx1536m -Dfile.encoding=windows-1252 -Duser.country=US -Duser.language=en -Duser.variant 
java_command: org.gradle.launcher.daemon.bootstrap.GradleDaemon 4.1
java_class_path (initial): C:\Users\Xubii\.gradle\wrapper\dists\gradle-4.1-all\bzyivzo6n839fup2jbap0tjew\gradle-4.1\lib\gradle-launcher-4.1.jar
Launcher Type: SUN_STANDARD

Environment Variables:
JAVA_HOME=E:\Work\Android Code Works\jdk1.7.0_71
PATH=C:\ProgramData\Oracle\Java\javapath;C:\Program Files (x86)\Intel\iCLS Client\;C:\Program Files\Intel\iCLS Client\;C:\Windows\system32;C:\Windows;C:\Windows\System32\Wbem;C:\Windows\System32\WindowsPowerShell\v1.0\;C:\Program Files\Intel\Intel(R) Management Engine Components\DAL;C:\Program Files\Intel\Intel(R) Management Engine Components\IPT;C:\Program Files (x86)\Intel\Intel(R) Management Engine Components\DAL;C:\Program Files (x86)\Intel\Intel(R) Management Engine Components\IPT;C:\Program Files (x86)\NVIDIA Corporation\PhysX\Common;C:\WINDOWS\system32;C:\WINDOWS;C:\WINDOWS\System32\Wbem;C:\WINDOWS\System32\WindowsPowerShell\v1.0\;C:\Program Files (x86)\QuickTime\QTSystem\;C:\Program Files (x86)\GtkSharp\2.12\bin;C:\Program Files\Microsoft\Web Platform Installer\;C:\Program Files (x86)\Microsoft ASP.NET\ASP.NET Web Pages\v1.0\;C:\Program Files\Microsoft SQL Server\110\Tools\Binn\;E:\Work\Android\android-;C:\Program Files (x86)\Skype\Phone\;C:\Program Files (x86)\Windows Live\Shared;C:\Program Files\Git\cmd;E:\Work\Android Code Works\gradle-2.2.1\bin;E:\Work\Android Code Works\apache-ant-1.8.2\bin;E:\Work\Android Code Works\jdk1.7.0_71\bin;
USERNAME=Xubii
OS=Windows_NT
PROCESSOR_IDENTIFIER=Intel64 Family 6 Model 58 Stepping 9, GenuineIntel



---------------  S Y S T E M  ---------------

OS: Windows 10.0 , 64 bit Build 10586 (10.0.10586.0)

CPU:total 8 (initial active 8) (4 cores per cpu, 2 threads per core) family 6 model 58 stepping 9, cmov, cx8, fxsr, mmx, sse, sse2, sse3, ssse3, sse4.1, sse4.2, popcnt, avx, aes, clmul, erms, ht, tsc, tscinvbit, tscinv

Memory: 4k page, physical 8281400k(218744k free), swap 9329976k(4260k free)

vm_info: OpenJDK 64-Bit Server VM (25.152-b01) for windows-amd64 JRE (1.8.0_152-release-915-b01), built by "builder" with MS VC++ 10.0 (VS2010)

time: Wed Apr 18 23:48:37 2018
elapsed time: 8920 seconds (0d 2h 28m 40s)

